2022-05-08 22:09:37,658 Config file found!
2022-05-08 22:09:37,685 Starting Conpot using template: /usr/lib/python3.9/site-packages/conpot/templates/ipmi
2022-05-08 22:09:37,685 Starting Conpot using configuration found in: /etc/conpot/conpot.cfg
2022-05-08 22:09:37,688 Serving tar:///usr/lib/python3.9/site-packages/conpot/data.tar as file system. File uploads will be kept at : /tmp/conpot
2022-05-08 22:09:37,689 Opening path /tmp/conpot for persistent storage of files.
2022-05-08 22:09:37,690 Initializing Virtual File System at /tmp/conpot/__conpot__0gs1d227. Source specified : tar:///usr/lib/python3.9/site-packages/conpot/data.tar
 Please wait while the system copies all specified files
2022-05-08 22:09:37,841 Fetched 54.152.141.237 as external ip.
2022-05-08 22:09:37,851 IPMI BMC initialized.
2022-05-08 22:09:37,851 Conpot IPMI initialized using /usr/lib/python3.9/site-packages/conpot/templates/ipmi/ipmi/ipmi.xml template
2022-05-08 22:09:37,852 Found and enabled ipmi protocol.
2022-05-08 22:09:37,859 No proxy template found. Service will remain unconfigured/stopped.
2022-05-08 22:09:37,859 IPMI server started on: ('0.0.0.0', 623)
2022-05-08 22:10:52,050 Stopping Conpot
2022-05-08 22:10:53,936 Shutting down File System. Cleaning directories at /tmp/conpot/__conpot__0gs1d227
2022-05-08 22:11:24,206 Config file found!
2022-05-08 22:11:24,208 Starting Conpot using template: /usr/lib/python3.9/site-packages/conpot/templates/ipmi
2022-05-08 22:11:24,209 Starting Conpot using configuration found in: /etc/conpot/conpot.cfg
2022-05-08 22:11:24,211 Serving tar:///usr/lib/python3.9/site-packages/conpot/data.tar as file system. File uploads will be kept at : /tmp/conpot
2022-05-08 22:11:24,211 Opening path /tmp/conpot for persistent storage of files.
2022-05-08 22:11:24,213 Initializing Virtual File System at /tmp/conpot/__conpot__p91sd9f6. Source specified : tar:///usr/lib/python3.9/site-packages/conpot/data.tar
 Please wait while the system copies all specified files
2022-05-08 22:11:24,275 Fetched 54.152.141.237 as external ip.
2022-05-08 22:11:24,277 IPMI BMC initialized.
2022-05-08 22:11:24,277 Conpot IPMI initialized using /usr/lib/python3.9/site-packages/conpot/templates/ipmi/ipmi/ipmi.xml template
2022-05-08 22:11:24,278 Found and enabled ipmi protocol.
2022-05-08 22:11:24,278 No proxy template found. Service will remain unconfigured/stopped.
2022-05-08 22:11:24,279 IPMI server started on: ('0.0.0.0', 623)
