2022-05-08 22:09:39,461 Config file found!
2022-05-08 22:09:39,475 Starting Conpot using template: /usr/lib/python3.9/site-packages/conpot/templates/IEC104
2022-05-08 22:09:39,475 Starting Conpot using configuration found in: /etc/conpot/conpot.cfg
2022-05-08 22:09:39,597 Serving tar:///usr/lib/python3.9/site-packages/conpot/data.tar as file system. File uploads will be kept at : /tmp/conpot
2022-05-08 22:09:39,606 Opening path /tmp/conpot for persistent storage of files.
2022-05-08 22:09:39,607 Initializing Virtual File System at /tmp/conpot/__conpot__n_222dpi. Source specified : tar:///usr/lib/python3.9/site-packages/conpot/data.tar
 Please wait while the system copies all specified files
2022-05-08 22:09:39,708 Fetched 54.152.141.237 as external ip.
2022-05-08 22:09:39,728 IEC 104 Server up
2022-05-08 22:09:39,740 Found and enabled IEC104 protocol.
2022-05-08 22:09:39,749 Found and enabled snmp protocol.
2022-05-08 22:09:39,750 No proxy template found. Service will remain unconfigured/stopped.
2022-05-08 22:09:39,757 IEC 60870-5-104 protocol server started on: ('0.0.0.0', 2404)
2022-05-08 22:09:42,094 Skipped: OID for symbol ifOutUNcastPkts not found in MIB IF-MIB
2022-05-08 22:09:45,885 SNMP server started on: ('0.0.0.0', 161)
2022-05-08 22:10:52,329 Stopping Conpot
2022-05-08 22:10:53,831 Shutting down File System. Cleaning directories at /tmp/conpot/__conpot__n_222dpi
2022-05-08 22:11:24,284 Config file found!
2022-05-08 22:11:24,285 Starting Conpot using template: /usr/lib/python3.9/site-packages/conpot/templates/IEC104
2022-05-08 22:11:24,286 Starting Conpot using configuration found in: /etc/conpot/conpot.cfg
2022-05-08 22:11:24,332 Serving tar:///usr/lib/python3.9/site-packages/conpot/data.tar as file system. File uploads will be kept at : /tmp/conpot
2022-05-08 22:11:24,332 Opening path /tmp/conpot for persistent storage of files.
2022-05-08 22:11:24,334 Initializing Virtual File System at /tmp/conpot/__conpot__rzsht4c5. Source specified : tar:///usr/lib/python3.9/site-packages/conpot/data.tar
 Please wait while the system copies all specified files
2022-05-08 22:11:24,408 Fetched 54.152.141.237 as external ip.
2022-05-08 22:11:24,428 IEC 104 Server up
2022-05-08 22:11:24,436 Found and enabled IEC104 protocol.
2022-05-08 22:11:24,439 Found and enabled snmp protocol.
2022-05-08 22:11:24,440 No proxy template found. Service will remain unconfigured/stopped.
2022-05-08 22:11:24,453 IEC 60870-5-104 protocol server started on: ('0.0.0.0', 2404)
2022-05-08 22:11:25,673 Skipped: OID for symbol ifOutUNcastPkts not found in MIB IF-MIB
2022-05-08 22:11:28,572 SNMP server started on: ('0.0.0.0', 161)
