2022-05-08 22:09:37,636 Config file found!
2022-05-08 22:09:37,663 Starting Conpot using template: /usr/lib/python3.9/site-packages/conpot/templates/guardian_ast
2022-05-08 22:09:37,663 Starting Conpot using configuration found in: /etc/conpot/conpot.cfg
2022-05-08 22:09:37,684 Serving tar:///usr/lib/python3.9/site-packages/conpot/data.tar as file system. File uploads will be kept at : /tmp/conpot
2022-05-08 22:09:37,686 Opening path /tmp/conpot for persistent storage of files.
2022-05-08 22:09:37,687 Initializing Virtual File System at /tmp/conpot/__conpot__6zgfw5ly. Source specified : tar:///usr/lib/python3.9/site-packages/conpot/data.tar
 Please wait while the system copies all specified files
2022-05-08 22:09:37,921 Fetched 54.152.141.237 as external ip.
2022-05-08 22:09:37,925 Conpot GuardianAST initialized
2022-05-08 22:09:37,926 Found and enabled guardian_ast protocol.
2022-05-08 22:09:37,926 No proxy template found. Service will remain unconfigured/stopped.
2022-05-08 22:09:37,927 GuardianAST server started on: ('0.0.0.0', 10001)
2022-05-08 22:10:52,276 Stopping Conpot
2022-05-08 22:10:53,999 Shutting down File System. Cleaning directories at /tmp/conpot/__conpot__6zgfw5ly
2022-05-08 22:11:23,736 Config file found!
2022-05-08 22:11:23,737 Starting Conpot using template: /usr/lib/python3.9/site-packages/conpot/templates/guardian_ast
2022-05-08 22:11:23,737 Starting Conpot using configuration found in: /etc/conpot/conpot.cfg
2022-05-08 22:11:23,747 Serving tar:///usr/lib/python3.9/site-packages/conpot/data.tar as file system. File uploads will be kept at : /tmp/conpot
2022-05-08 22:11:23,752 Opening path /tmp/conpot for persistent storage of files.
2022-05-08 22:11:23,754 Initializing Virtual File System at /tmp/conpot/__conpot__n9eq89sg. Source specified : tar:///usr/lib/python3.9/site-packages/conpot/data.tar
 Please wait while the system copies all specified files
2022-05-08 22:11:23,872 Fetched 54.152.141.237 as external ip.
2022-05-08 22:11:23,874 Conpot GuardianAST initialized
2022-05-08 22:11:23,880 Found and enabled guardian_ast protocol.
2022-05-08 22:11:23,885 No proxy template found. Service will remain unconfigured/stopped.
2022-05-08 22:11:23,886 GuardianAST server started on: ('0.0.0.0', 10001)
